<?xml version="1.0" encoding="UTF-8"?>
<!-- Generated by org.testng.reporters.JUnitReportReporter -->
<testsuite hostname="DESKTOP-1KPC7TR" failures="0" tests="1" name="oi.NewTest2" time="12302.617" errors="0" timestamp="24 Nov 2023 08:14:34 GMT">
  <testcase classname="oi.NewTest2" name="serverhostname" time="12302.617"/>
</testsuite> <!-- oi.NewTest2 -->
