<?xml version="1.0" encoding="UTF-8"?>
<!-- Generated by org.testng.reporters.JUnitReportReporter -->
<testsuite hostname="DESKTOP-1KPC7TR" failures="0" tests="1" name="oi.ServerHostName" time="164.490" errors="0" timestamp="24 Nov 2023 08:49:33 GMT">
  <testcase classname="oi.ServerHostName" name="serverhostname" time="164.490"/>
</testsuite> <!-- oi.ServerHostName -->
